[debug] [2024-09-17T19:14:03.098Z] ----------------------------------------------------------------------
[debug] [2024-09-17T19:14:03.101Z] Command:       /usr/local/bin/node /usr/local/bin/firebase deploy
[debug] [2024-09-17T19:14:03.102Z] CLI Version:   13.16.0
[debug] [2024-09-17T19:14:03.102Z] Platform:      linux
[debug] [2024-09-17T19:14:03.102Z] Node Version:  v22.4.0
[debug] [2024-09-17T19:14:03.102Z] Time:          Tue Sep 17 2024 16:14:03 GMT-0300 (hora estándar de Argentina)
[debug] [2024-09-17T19:14:03.102Z] ----------------------------------------------------------------------
[debug] 
[debug] [2024-09-17T19:14:03.181Z] > command requires scopes: ["email","openid","https://www.googleapis.com/auth/cloudplatformprojects.readonly","https://www.googleapis.com/auth/firebase","https://www.googleapis.com/auth/cloud-platform"]
[debug] [2024-09-17T19:14:03.182Z] > authorizing via signed-in user (mati.cazas99@gmail.com)
[debug] [2024-09-17T19:14:03.182Z] [iam] checking project digimat-911b6 for permissions ["firebase.projects.get","firebasehosting.sites.update"]
[debug] [2024-09-17T19:14:03.184Z] >>> [apiv2][query] POST https://cloudresourcemanager.googleapis.com/v1/projects/digimat-911b6:testIamPermissions [none]
[debug] [2024-09-17T19:14:03.184Z] >>> [apiv2][(partial)header] POST https://cloudresourcemanager.googleapis.com/v1/projects/digimat-911b6:testIamPermissions x-goog-quota-user=projects/digimat-911b6
[debug] [2024-09-17T19:14:03.184Z] >>> [apiv2][body] POST https://cloudresourcemanager.googleapis.com/v1/projects/digimat-911b6:testIamPermissions {"permissions":["firebase.projects.get","firebasehosting.sites.update"]}
[debug] [2024-09-17T19:14:04.311Z] <<< [apiv2][status] POST https://cloudresourcemanager.googleapis.com/v1/projects/digimat-911b6:testIamPermissions 200
[debug] [2024-09-17T19:14:04.311Z] <<< [apiv2][body] POST https://cloudresourcemanager.googleapis.com/v1/projects/digimat-911b6:testIamPermissions {}
[debug] [2024-09-17T19:14:04.311Z] [iam] error while checking permissions, command may fail: FirebaseError: Authorization failed. This account is missing the following required permissions on project digimat-911b6:

  firebase.projects.get
  firebasehosting.sites.update
[debug] [2024-09-17T19:14:04.312Z] >>> [apiv2][query] GET https://firebase.googleapis.com/v1beta1/projects/digimat-911b6 [none]
[debug] [2024-09-17T19:14:04.697Z] <<< [apiv2][status] GET https://firebase.googleapis.com/v1beta1/projects/digimat-911b6 403
[debug] [2024-09-17T19:14:04.697Z] <<< [apiv2][body] GET https://firebase.googleapis.com/v1beta1/projects/digimat-911b6 {"error":{"code":403,"message":"The caller does not have permission","status":"PERMISSION_DENIED"}}
[debug] [2024-09-17T19:14:04.698Z] HTTP Error: 403, The caller does not have permission
[debug] [2024-09-17T19:14:04.844Z] FirebaseError: HTTP Error: 403, The caller does not have permission
    at responseToError (/usr/local/lib/node_modules/firebase-tools/lib/responseToError.js:49:12)
    at RetryOperation._fn (/usr/local/lib/node_modules/firebase-tools/lib/apiv2.js:305:77)
    at process.processTicksAndRejections (node:internal/process/task_queues:95:5)
[error] 
[error] Error: Failed to get Firebase project digimat-911b6. Please make sure the project exists and your account has permission to access it.
